1533137470126	geckodriver	INFO	Listening on 127.0.0.1:52296
1533137471179	mozprofile::profile	INFO	Using profile path /var/folders/b8/c6jm9_md5fg_ln49sbnrj8bh0000gn/T/rust_mozprofile.ZiNmTtRN7IJ3
1533137471183	geckodriver::marionette	INFO	Starting browser /Applications/Firefox.app/Contents/MacOS/firefox-bin with args []
1533137471189	geckodriver::marionette	INFO	Connecting to Marionette on localhost:52307
1533137471695	Marionette	INFO	Enabled via --marionette
2018-08-01 23:31:12.560 plugin-container[93758:9379272] *** CFMessagePort: bootstrap_register(): failed 1100 (0x44c) 'Permission denied', port = 0xae3f, name = 'com.apple.tsm.portname'
See /usr/include/servers/bootstrap_defs.h for the error codes.
1533137472847	Marionette	INFO	Listening on port 52307
1533137473000	Marionette	DEBUG	Register listener.js for window 2147483649
1533137473016	Marionette	DEBUG	Received DOM event "beforeunload" for "about:blank"
1533137473108	Marionette	DEBUG	Received DOM event "pagehide" for "about:blank"
1533137473108	Marionette	DEBUG	Received DOM event "unload" for "about:blank"
1533137473113	Marionette	DEBUG	Received DOM event "DOMContentLoaded" for "http://www.w3school.com.cn/tiy/loadtext.asp?f=html5_video_simple"
1533137473450	Marionette	DEBUG	Received DOM event "pageshow" for "http://www.w3school.com.cn/tiy/loadtext.asp?f=html5_video_simple"
1533137473495	addons.xpi	WARN	Exception running bootstrap method shutdown on activity-stream@mozilla.org: [Exception... "Component returned failure code: 0x80070057 (NS_ERROR_ILLEGAL_VALUE) [nsIPrefBranch.removeObserver]"  nsresult: "0x80070057 (NS_ERROR_ILLEGAL_VALUE)"  location: "JS frame :: resource://activity-stream/lib/ActivityStreamPrefs.jsm :: ignoreBranch :: line 28"  data: no] Stack trace: ignoreBranch()@resource://activity-stream/lib/ActivityStreamPrefs.jsm:28 < uninit()@resource://activity-stream/lib/Store.jsm:153 < uninit()@resource://activity-stream/lib/ActivityStream.jsm:266 < uninit()@resource://gre/modules/addons/XPIProvider.jsm -> jar:file:///Applications/Firefox.app/Contents/Resources/browser/features/activity-stream@mozilla.org.xpi!/bootstrap.js:80 < shutdown()@resource://gre/modules/addons/XPIProvider.jsm -> jar:file:///Applications/Firefox.app/Contents/Resources/browser/features/activity-stream@mozilla.org.xpi!/bootstrap.js:196 < callBootstrapMethod()@resource://gre/modules/addons/XPIProvider.jsm:4509 < observe()@resource://gre/modules/addons/XPIProvider.jsm:2281 < GeckoDriver.prototype.quit()@driver.js:3307 < despatch()@server.js:553 < execute()@server.js:527 < onPacket/<()@server.js:502 < onPacket()@server.js:501 < _onJSONObjectReady/<()@transport.js:501
[GFX1-]: Receive IPC close with reason=AbnormalShutdown
1533137486737	geckodriver	INFO	Listening on 127.0.0.1:52362
1533137487787	mozprofile::profile	INFO	Using profile path /var/folders/b8/c6jm9_md5fg_ln49sbnrj8bh0000gn/T/rust_mozprofile.efpcG792wGxb
1533137487791	geckodriver::marionette	INFO	Starting browser /Applications/Firefox.app/Contents/MacOS/firefox-bin with args []
1533137487796	geckodriver::marionette	INFO	Connecting to Marionette on localhost:52374
1533137488312	Marionette	INFO	Enabled via --marionette
2018-08-01 23:31:29.246 plugin-container[93768:9380054] *** CFMessagePort: bootstrap_register(): failed 1100 (0x44c) 'Permission denied', port = 0xad3f, name = 'com.apple.tsm.portname'
See /usr/include/servers/bootstrap_defs.h for the error codes.
1533137489640	Marionette	INFO	Listening on port 52374
1533137489732	Marionette	DEBUG	Register listener.js for window 2147483649
1533137489748	Marionette	DEBUG	Received DOM event "beforeunload" for "about:blank"
1533137489825	Marionette	DEBUG	Received DOM event "pagehide" for "about:blank"
1533137489825	Marionette	DEBUG	Received DOM event "unload" for "about:blank"
1533137489831	Marionette	DEBUG	Received DOM event "DOMContentLoaded" for "http://www.w3school.com.cn/tiy/loadtext.asp?f=html5_video_simple"
1533137490388	Marionette	DEBUG	Received DOM event "pageshow" for "http://www.w3school.com.cn/tiy/loadtext.asp?f=html5_video_simple"
1533137495764	addons.xpi	WARN	Exception running bootstrap method shutdown on activity-stream@mozilla.org: [Exception... "Component returned failure code: 0x80070057 (NS_ERROR_ILLEGAL_VALUE) [nsIPrefBranch.removeObserver]"  nsresult: "0x80070057 (NS_ERROR_ILLEGAL_VALUE)"  location: "JS frame :: resource://activity-stream/lib/ActivityStreamPrefs.jsm :: ignoreBranch :: line 28"  data: no] Stack trace: ignoreBranch()@resource://activity-stream/lib/ActivityStreamPrefs.jsm:28 < uninit()@resource://activity-stream/lib/Store.jsm:153 < uninit()@resource://activity-stream/lib/ActivityStream.jsm:266 < uninit()@resource://gre/modules/addons/XPIProvider.jsm -> jar:file:///Applications/Firefox.app/Contents/Resources/browser/features/activity-stream@mozilla.org.xpi!/bootstrap.js:80 < shutdown()@resource://gre/modules/addons/XPIProvider.jsm -> jar:file:///Applications/Firefox.app/Contents/Resources/browser/features/activity-stream@mozilla.org.xpi!/bootstrap.js:196 < callBootstrapMethod()@resource://gre/modules/addons/XPIProvider.jsm:4509 < observe()@resource://gre/modules/addons/XPIProvider.jsm:2281 < GeckoDriver.prototype.quit()@driver.js:3307 < despatch()@server.js:553 < execute()@server.js:527 < onPacket/<()@server.js:502 < onPacket()@server.js:501 < _onJSONObjectReady/<()@transport.js:501
[GFX1-]: Receive IPC close with reason=AbnormalShutdown
[Child 93768, Chrome_ChildThread] WARNING: pipe error: Broken pipe: file /builds/worker/workspace/build/src/ipc/chromium/src/chrome/common/ipc_channel_posix.cc, line 709
1533137552961	geckodriver	INFO	Listening on 127.0.0.1:52447
1533137554020	mozprofile::profile	INFO	Using profile path /var/folders/b8/c6jm9_md5fg_ln49sbnrj8bh0000gn/T/rust_mozprofile.0w5MDgv8Ng1f
1533137554025	geckodriver::marionette	INFO	Starting browser /Applications/Firefox.app/Contents/MacOS/firefox-bin with args []
1533137554031	geckodriver::marionette	INFO	Connecting to Marionette on localhost:52459
1533137554550	Marionette	INFO	Enabled via --marionette
2018-08-01 23:32:35.380 plugin-container[93786:9381313] *** CFMessagePort: bootstrap_register(): failed 1100 (0x44c) 'Permission denied', port = 0xab3f, name = 'com.apple.tsm.portname'
See /usr/include/servers/bootstrap_defs.h for the error codes.
1533137555640	Marionette	INFO	Listening on port 52459
1533137555751	Marionette	DEBUG	Register listener.js for window 2147483649
1533137555771	Marionette	DEBUG	Received DOM event "beforeunload" for "about:blank"
1533137555842	Marionette	DEBUG	Received DOM event "pagehide" for "about:blank"
1533137555842	Marionette	DEBUG	Received DOM event "unload" for "about:blank"
1533137555916	Marionette	DEBUG	Received DOM event "DOMContentLoaded" for "http://www.w3school.com.cn/tiy/loadtext.asp?f=html5_video_simple"
1533137556089	Marionette	DEBUG	Received DOM event "pageshow" for "http://www.w3school.com.cn/tiy/loadtext.asp?f=html5_video_simple"
1533137561469	addons.xpi	WARN	Exception running bootstrap method shutdown on activity-stream@mozilla.org: [Exception... "Component returned failure code: 0x80070057 (NS_ERROR_ILLEGAL_VALUE) [nsIPrefBranch.removeObserver]"  nsresult: "0x80070057 (NS_ERROR_ILLEGAL_VALUE)"  location: "JS frame :: resource://activity-stream/lib/ActivityStreamPrefs.jsm :: ignoreBranch :: line 28"  data: no] Stack trace: ignoreBranch()@resource://activity-stream/lib/ActivityStreamPrefs.jsm:28 < uninit()@resource://activity-stream/lib/Store.jsm:153 < uninit()@resource://activity-stream/lib/ActivityStream.jsm:266 < uninit()@resource://gre/modules/addons/XPIProvider.jsm -> jar:file:///Applications/Firefox.app/Contents/Resources/browser/features/activity-stream@mozilla.org.xpi!/bootstrap.js:80 < shutdown()@resource://gre/modules/addons/XPIProvider.jsm -> jar:file:///Applications/Firefox.app/Contents/Resources/browser/features/activity-stream@mozilla.org.xpi!/bootstrap.js:196 < callBootstrapMethod()@resource://gre/modules/addons/XPIProvider.jsm:4509 < observe()@resource://gre/modules/addons/XPIProvider.jsm:2281 < GeckoDriver.prototype.quit()@driver.js:3307 < despatch()@server.js:553 < execute()@server.js:527 < onPacket/<()@server.js:502 < onPacket()@server.js:501 < _onJSONObjectReady/<()@transport.js:501
1533137596335	geckodriver	INFO	Listening on 127.0.0.1:52522
1533137597388	mozprofile::profile	INFO	Using profile path /var/folders/b8/c6jm9_md5fg_ln49sbnrj8bh0000gn/T/rust_mozprofile.3iqLhHPQDa4i
1533137597392	geckodriver::marionette	INFO	Starting browser /Applications/Firefox.app/Contents/MacOS/firefox-bin with args []
1533137597398	geckodriver::marionette	INFO	Connecting to Marionette on localhost:52533
1533137597970	Marionette	INFO	Enabled via --marionette
2018-08-01 23:33:18.888 plugin-container[93799:9382359] *** CFMessagePort: bootstrap_register(): failed 1100 (0x44c) 'Permission denied', port = 0x1523f, name = 'com.apple.tsm.portname'
See /usr/include/servers/bootstrap_defs.h for the error codes.
1533137599331	Marionette	INFO	Listening on port 52533
1533137599434	Marionette	DEBUG	Register listener.js for window 2147483649
1533137599457	Marionette	DEBUG	Received DOM event "beforeunload" for "about:blank"
1533137599534	Marionette	DEBUG	Received DOM event "pagehide" for "about:blank"
1533137599534	Marionette	DEBUG	Received DOM event "unload" for "about:blank"
1533137599540	Marionette	DEBUG	Received DOM event "DOMContentLoaded" for "http://www.w3school.com.cn/tiy/loadtext.asp?f=html5_video_simple"
1533137599919	Marionette	DEBUG	Received DOM event "pageshow" for "http://www.w3school.com.cn/tiy/loadtext.asp?f=html5_video_simple"
1533137605283	addons.xpi	WARN	Exception running bootstrap method shutdown on activity-stream@mozilla.org: [Exception... "Component returned failure code: 0x80070057 (NS_ERROR_ILLEGAL_VALUE) [nsIPrefBranch.removeObserver]"  nsresult: "0x80070057 (NS_ERROR_ILLEGAL_VALUE)"  location: "JS frame :: resource://activity-stream/lib/ActivityStreamPrefs.jsm :: ignoreBranch :: line 28"  data: no] Stack trace: ignoreBranch()@resource://activity-stream/lib/ActivityStreamPrefs.jsm:28 < uninit()@resource://activity-stream/lib/Store.jsm:153 < uninit()@resource://activity-stream/lib/ActivityStream.jsm:266 < uninit()@resource://gre/modules/addons/XPIProvider.jsm -> jar:file:///Applications/Firefox.app/Contents/Resources/browser/features/activity-stream@mozilla.org.xpi!/bootstrap.js:80 < shutdown()@resource://gre/modules/addons/XPIProvider.jsm -> jar:file:///Applications/Firefox.app/Contents/Resources/browser/features/activity-stream@mozilla.org.xpi!/bootstrap.js:196 < callBootstrapMethod()@resource://gre/modules/addons/XPIProvider.jsm:4509 < observe()@resource://gre/modules/addons/XPIProvider.jsm:2281 < GeckoDriver.prototype.quit()@driver.js:3307 < despatch()@server.js:553 < execute()@server.js:527 < onPacket/<()@server.js:502 < onPacket()@server.js:501 < _onJSONObjectReady/<()@transport.js:501
1533137648962	geckodriver	INFO	Listening on 127.0.0.1:52672
1533137650019	mozprofile::profile	INFO	Using profile path /var/folders/b8/c6jm9_md5fg_ln49sbnrj8bh0000gn/T/rust_mozprofile.PZDE7OIPBhfu
1533137650023	geckodriver::marionette	INFO	Starting browser /Applications/Firefox.app/Contents/MacOS/firefox-bin with args []
1533137650028	geckodriver::marionette	INFO	Connecting to Marionette on localhost:52683
1533137650549	Marionette	INFO	Enabled via --marionette
2018-08-01 23:34:11.397 plugin-container[93817:9383761] *** CFMessagePort: bootstrap_register(): failed 1100 (0x44c) 'Permission denied', port = 0xab07, name = 'com.apple.tsm.portname'
See /usr/include/servers/bootstrap_defs.h for the error codes.
1533137651675	Marionette	INFO	Listening on port 52683
1533137651753	Marionette	DEBUG	Register listener.js for window 2147483649
1533137651768	Marionette	DEBUG	Received DOM event "beforeunload" for "about:blank"
1533137651858	Marionette	DEBUG	Received DOM event "pagehide" for "about:blank"
1533137651858	Marionette	DEBUG	Received DOM event "unload" for "about:blank"
1533137651864	Marionette	DEBUG	Received DOM event "DOMContentLoaded" for "http://www.w3school.com.cn/tiy/loadtext.asp?f=html5_video_simple"
1533137652113	Marionette	DEBUG	Received DOM event "pageshow" for "http://www.w3school.com.cn/tiy/loadtext.asp?f=html5_video_simple"
1533137657487	addons.xpi	WARN	Exception running bootstrap method shutdown on activity-stream@mozilla.org: [Exception... "Component returned failure code: 0x80070057 (NS_ERROR_ILLEGAL_VALUE) [nsIPrefBranch.removeObserver]"  nsresult: "0x80070057 (NS_ERROR_ILLEGAL_VALUE)"  location: "JS frame :: resource://activity-stream/lib/ActivityStreamPrefs.jsm :: ignoreBranch :: line 28"  data: no] Stack trace: ignoreBranch()@resource://activity-stream/lib/ActivityStreamPrefs.jsm:28 < uninit()@resource://activity-stream/lib/Store.jsm:153 < uninit()@resource://activity-stream/lib/ActivityStream.jsm:266 < uninit()@resource://gre/modules/addons/XPIProvider.jsm -> jar:file:///Applications/Firefox.app/Contents/Resources/browser/features/activity-stream@mozilla.org.xpi!/bootstrap.js:80 < shutdown()@resource://gre/modules/addons/XPIProvider.jsm -> jar:file:///Applications/Firefox.app/Contents/Resources/browser/features/activity-stream@mozilla.org.xpi!/bootstrap.js:196 < callBootstrapMethod()@resource://gre/modules/addons/XPIProvider.jsm:4509 < observe()@resource://gre/modules/addons/XPIProvider.jsm:2281 < GeckoDriver.prototype.quit()@driver.js:3307 < despatch()@server.js:553 < execute()@server.js:527 < onPacket/<()@server.js:502 < onPacket()@server.js:501 < _onJSONObjectReady/<()@transport.js:501
[GFX1-]: Receive IPC close with reason=AbnormalShutdown
1533137707034	geckodriver	INFO	Listening on 127.0.0.1:52746
1533137708090	mozprofile::profile	INFO	Using profile path /var/folders/b8/c6jm9_md5fg_ln49sbnrj8bh0000gn/T/rust_mozprofile.a2xHwCxjhPIk
1533137708094	geckodriver::marionette	INFO	Starting browser /Applications/Firefox.app/Contents/MacOS/firefox-bin with args []
1533137708100	geckodriver::marionette	INFO	Connecting to Marionette on localhost:52757
1533137708596	Marionette	INFO	Enabled via --marionette
2018-08-01 23:35:09.417 plugin-container[93831:9384896] *** CFMessagePort: bootstrap_register(): failed 1100 (0x44c) 'Permission denied', port = 0xac3f, name = 'com.apple.tsm.portname'
See /usr/include/servers/bootstrap_defs.h for the error codes.
1533137709689	Marionette	INFO	Listening on port 52757
1533137709816	Marionette	DEBUG	Register listener.js for window 2147483649
1533137709829	Marionette	DEBUG	Received DOM event "beforeunload" for "about:blank"
1533137709901	Marionette	DEBUG	Received DOM event "pagehide" for "about:blank"
1533137709901	Marionette	DEBUG	Received DOM event "unload" for "about:blank"
1533137709906	Marionette	DEBUG	Received DOM event "DOMContentLoaded" for "http://www.w3school.com.cn/tiy/loadtext.asp?f=html5_video_simple"
1533137710381	Marionette	DEBUG	Received DOM event "pageshow" for "http://www.w3school.com.cn/tiy/loadtext.asp?f=html5_video_simple"
1533137715776	addons.xpi	WARN	Exception running bootstrap method shutdown on activity-stream@mozilla.org: [Exception... "Component returned failure code: 0x80070057 (NS_ERROR_ILLEGAL_VALUE) [nsIPrefBranch.removeObserver]"  nsresult: "0x80070057 (NS_ERROR_ILLEGAL_VALUE)"  location: "JS frame :: resource://activity-stream/lib/ActivityStreamPrefs.jsm :: ignoreBranch :: line 28"  data: no] Stack trace: ignoreBranch()@resource://activity-stream/lib/ActivityStreamPrefs.jsm:28 < uninit()@resource://activity-stream/lib/Store.jsm:153 < uninit()@resource://activity-stream/lib/ActivityStream.jsm:266 < uninit()@resource://gre/modules/addons/XPIProvider.jsm -> jar:file:///Applications/Firefox.app/Contents/Resources/browser/features/activity-stream@mozilla.org.xpi!/bootstrap.js:80 < shutdown()@resource://gre/modules/addons/XPIProvider.jsm -> jar:file:///Applications/Firefox.app/Contents/Resources/browser/features/activity-stream@mozilla.org.xpi!/bootstrap.js:196 < callBootstrapMethod()@resource://gre/modules/addons/XPIProvider.jsm:4509 < observe()@resource://gre/modules/addons/XPIProvider.jsm:2281 < GeckoDriver.prototype.quit()@driver.js:3307 < despatch()@server.js:553 < execute()@server.js:527 < onPacket/<()@server.js:502 < onPacket()@server.js:501 < _onJSONObjectReady/<()@transport.js:501
[GFX1-]: Receive IPC close with reason=AbnormalShutdown
1533137725825	geckodriver	INFO	Listening on 127.0.0.1:52817
1533137726894	mozprofile::profile	INFO	Using profile path /var/folders/b8/c6jm9_md5fg_ln49sbnrj8bh0000gn/T/rust_mozprofile.16imInGueDY1
1533137726898	geckodriver::marionette	INFO	Starting browser /Applications/Firefox.app/Contents/MacOS/firefox-bin with args []
1533137726904	geckodriver::marionette	INFO	Connecting to Marionette on localhost:52828
1533137727438	Marionette	INFO	Enabled via --marionette
2018-08-01 23:35:28.387 plugin-container[93840:9385783] *** CFMessagePort: bootstrap_register(): failed 1100 (0x44c) 'Permission denied', port = 0x1533f, name = 'com.apple.tsm.portname'
See /usr/include/servers/bootstrap_defs.h for the error codes.
1533137728832	Marionette	INFO	Listening on port 52828
1533137728935	Marionette	DEBUG	Register listener.js for window 2147483649
1533137728958	Marionette	DEBUG	Received DOM event "beforeunload" for "about:blank"
1533137729031	Marionette	DEBUG	Received DOM event "pagehide" for "about:blank"
1533137729031	Marionette	DEBUG	Received DOM event "unload" for "about:blank"
1533137729038	Marionette	DEBUG	Received DOM event "DOMContentLoaded" for "http://www.w3school.com.cn/tiy/loadtext.asp?f=html5_video_simple"
1533137729410	Marionette	DEBUG	Received DOM event "pageshow" for "http://www.w3school.com.cn/tiy/loadtext.asp?f=html5_video_simple"
1533137734803	addons.xpi	WARN	Exception running bootstrap method shutdown on activity-stream@mozilla.org: [Exception... "Component returned failure code: 0x80070057 (NS_ERROR_ILLEGAL_VALUE) [nsIPrefBranch.removeObserver]"  nsresult: "0x80070057 (NS_ERROR_ILLEGAL_VALUE)"  location: "JS frame :: resource://activity-stream/lib/ActivityStreamPrefs.jsm :: ignoreBranch :: line 28"  data: no] Stack trace: ignoreBranch()@resource://activity-stream/lib/ActivityStreamPrefs.jsm:28 < uninit()@resource://activity-stream/lib/Store.jsm:153 < uninit()@resource://activity-stream/lib/ActivityStream.jsm:266 < uninit()@resource://gre/modules/addons/XPIProvider.jsm -> jar:file:///Applications/Firefox.app/Contents/Resources/browser/features/activity-stream@mozilla.org.xpi!/bootstrap.js:80 < shutdown()@resource://gre/modules/addons/XPIProvider.jsm -> jar:file:///Applications/Firefox.app/Contents/Resources/browser/features/activity-stream@mozilla.org.xpi!/bootstrap.js:196 < callBootstrapMethod()@resource://gre/modules/addons/XPIProvider.jsm:4509 < observe()@resource://gre/modules/addons/XPIProvider.jsm:2281 < GeckoDriver.prototype.quit()@driver.js:3307 < despatch()@server.js:553 < execute()@server.js:527 < onPacket/<()@server.js:502 < onPacket()@server.js:501 < _onJSONObjectReady/<()@transport.js:501
