1533135347823	geckodriver	INFO	Listening on 127.0.0.1:64950
1533135348895	mozprofile::profile	INFO	Using profile path /var/folders/b8/c6jm9_md5fg_ln49sbnrj8bh0000gn/T/rust_mozprofile.GZQnU1Cr3EsU
1533135348898	geckodriver::marionette	INFO	Starting browser /Applications/Firefox.app/Contents/MacOS/firefox-bin with args []
1533135348903	geckodriver::marionette	INFO	Connecting to Marionette on localhost:64961
1533135349564	Marionette	INFO	Enabled via --marionette
2018-08-01 22:55:50.502 plugin-container[93126:9356568] *** CFMessagePort: bootstrap_register(): failed 1100 (0x44c) 'Permission denied', port = 0xad3f, name = 'com.apple.tsm.portname'
See /usr/include/servers/bootstrap_defs.h for the error codes.
1533135350791	Marionette	INFO	Listening on port 64961
1533135350912	Marionette	DEBUG	Register listener.js for window 2147483649
1533135350949	addons.xpi	WARN	Exception running bootstrap method shutdown on activity-stream@mozilla.org: [Exception... "Component returned failure code: 0x80070057 (NS_ERROR_ILLEGAL_VALUE) [nsIPrefBranch.removeObserver]"  nsresult: "0x80070057 (NS_ERROR_ILLEGAL_VALUE)"  location: "JS frame :: resource://activity-stream/lib/ActivityStreamPrefs.jsm :: ignoreBranch :: line 28"  data: no] Stack trace: ignoreBranch()@resource://activity-stream/lib/ActivityStreamPrefs.jsm:28 < uninit()@resource://activity-stream/lib/Store.jsm:153 < uninit()@resource://activity-stream/lib/ActivityStream.jsm:266 < uninit()@resource://gre/modules/addons/XPIProvider.jsm -> jar:file:///Applications/Firefox.app/Contents/Resources/browser/features/activity-stream@mozilla.org.xpi!/bootstrap.js:80 < shutdown()@resource://gre/modules/addons/XPIProvider.jsm -> jar:file:///Applications/Firefox.app/Contents/Resources/browser/features/activity-stream@mozilla.org.xpi!/bootstrap.js:196 < callBootstrapMethod()@resource://gre/modules/addons/XPIProvider.jsm:4509 < observe()@resource://gre/modules/addons/XPIProvider.jsm:2281 < GeckoDriver.prototype.quit()@driver.js:3307 < despatch()@server.js:553 < execute()@server.js:527 < onPacket/<()@server.js:502 < onPacket()@server.js:501 < _onJSONObjectReady/<()@transport.js:501
1533135377848	geckodriver	INFO	Listening on 127.0.0.1:65012
1533135378901	mozprofile::profile	INFO	Using profile path /var/folders/b8/c6jm9_md5fg_ln49sbnrj8bh0000gn/T/rust_mozprofile.coZOEQXg3KlE
1533135378904	geckodriver::marionette	INFO	Starting browser /Applications/Firefox.app/Contents/MacOS/firefox-bin with args []
1533135378911	geckodriver::marionette	INFO	Connecting to Marionette on localhost:65023
1533135379420	Marionette	INFO	Enabled via --marionette
2018-08-01 22:56:20.209 plugin-container[93138:9357411] *** CFMessagePort: bootstrap_register(): failed 1100 (0x44c) 'Permission denied', port = 0x15103, name = 'com.apple.tsm.portname'
See /usr/include/servers/bootstrap_defs.h for the error codes.
1533135380460	Marionette	INFO	Listening on port 65023
1533135380512	Marionette	DEBUG	Register listener.js for window 2147483649
1533135380561	addons.xpi	WARN	Exception running bootstrap method shutdown on activity-stream@mozilla.org: [Exception... "Component returned failure code: 0x80070057 (NS_ERROR_ILLEGAL_VALUE) [nsIPrefBranch.removeObserver]"  nsresult: "0x80070057 (NS_ERROR_ILLEGAL_VALUE)"  location: "JS frame :: resource://activity-stream/lib/ActivityStreamPrefs.jsm :: ignoreBranch :: line 28"  data: no] Stack trace: ignoreBranch()@resource://activity-stream/lib/ActivityStreamPrefs.jsm:28 < uninit()@resource://activity-stream/lib/Store.jsm:153 < uninit()@resource://activity-stream/lib/ActivityStream.jsm:266 < uninit()@resource://gre/modules/addons/XPIProvider.jsm -> jar:file:///Applications/Firefox.app/Contents/Resources/browser/features/activity-stream@mozilla.org.xpi!/bootstrap.js:80 < shutdown()@resource://gre/modules/addons/XPIProvider.jsm -> jar:file:///Applications/Firefox.app/Contents/Resources/browser/features/activity-stream@mozilla.org.xpi!/bootstrap.js:196 < callBootstrapMethod()@resource://gre/modules/addons/XPIProvider.jsm:4509 < observe()@resource://gre/modules/addons/XPIProvider.jsm:2281 < GeckoDriver.prototype.quit()@driver.js:3307 < despatch()@server.js:553 < execute()@server.js:527 < onPacket/<()@server.js:502 < onPacket()@server.js:501 < _onJSONObjectReady/<()@transport.js:501
1533135407584	geckodriver	INFO	Listening on 127.0.0.1:65071
1533135408639	mozprofile::profile	INFO	Using profile path /var/folders/b8/c6jm9_md5fg_ln49sbnrj8bh0000gn/T/rust_mozprofile.iTZITXQi4H6r
1533135408643	geckodriver::marionette	INFO	Starting browser /Applications/Firefox.app/Contents/MacOS/firefox-bin with args []
1533135408649	geckodriver::marionette	INFO	Connecting to Marionette on localhost:65082
1533135409174	Marionette	INFO	Enabled via --marionette
2018-08-01 22:56:49.959 plugin-container[93151:9358376] *** CFMessagePort: bootstrap_register(): failed 1100 (0x44c) 'Permission denied', port = 0xad03, name = 'com.apple.tsm.portname'
See /usr/include/servers/bootstrap_defs.h for the error codes.
1533135410216	Marionette	INFO	Listening on port 65082
1533135410355	Marionette	DEBUG	Register listener.js for window 2147483649
1533135410366	Marionette	DEBUG	Received DOM event "beforeunload" for "about:blank"
1533135410377	Marionette	DEBUG	Received DOM event "pagehide" for "about:blank"
1533135410377	Marionette	DEBUG	Received DOM event "unload" for "about:blank"
1533135410378	Marionette	DEBUG	Received observer notification "outer-window-destroyed" for "2147483649"
1533135410671	Marionette	DEBUG	Register listener.js for window 4294967297
1533135410714	Marionette	DEBUG	Check readyState "uninitialized for "about:blank"
1533135410741	Marionette	DEBUG	Received DOM event "DOMContentLoaded" for "file:///Users/doudou/Desktop/table.html"
1533135410779	Marionette	DEBUG	Received DOM event "pageshow" for "file:///Users/doudou/Desktop/table.html"
2018-08-01 22:56:50.820 plugin-container[93152:9358450] *** CFMessagePort: bootstrap_register(): failed 1100 (0x44c) 'Permission denied', port = 0xb13f, name = 'com.apple.tsm.portname'
See /usr/include/servers/bootstrap_defs.h for the error codes.
1533135410844	addons.xpi	WARN	Exception running bootstrap method shutdown on activity-stream@mozilla.org: [Exception... "Component returned failure code: 0x80070057 (NS_ERROR_ILLEGAL_VALUE) [nsIPrefBranch.removeObserver]"  nsresult: "0x80070057 (NS_ERROR_ILLEGAL_VALUE)"  location: "JS frame :: resource://activity-stream/lib/ActivityStreamPrefs.jsm :: ignoreBranch :: line 28"  data: no] Stack trace: ignoreBranch()@resource://activity-stream/lib/ActivityStreamPrefs.jsm:28 < uninit()@resource://activity-stream/lib/Store.jsm:153 < uninit()@resource://activity-stream/lib/ActivityStream.jsm:266 < uninit()@resource://gre/modules/addons/XPIProvider.jsm -> jar:file:///Applications/Firefox.app/Contents/Resources/browser/features/activity-stream@mozilla.org.xpi!/bootstrap.js:80 < shutdown()@resource://gre/modules/addons/XPIProvider.jsm -> jar:file:///Applications/Firefox.app/Contents/Resources/browser/features/activity-stream@mozilla.org.xpi!/bootstrap.js:196 < callBootstrapMethod()@resource://gre/modules/addons/XPIProvider.jsm:4509 < observe()@resource://gre/modules/addons/XPIProvider.jsm:2281 < GeckoDriver.prototype.quit()@driver.js:3307 < despatch()@server.js:553 < execute()@server.js:527 < onPacket/<()@server.js:502 < onPacket()@server.js:501 < _onJSONObjectReady/<()@transport.js:501
1533135515446	geckodriver	INFO	Listening on 127.0.0.1:65134
1533135515493	mozprofile::profile	INFO	Using profile path /var/folders/b8/c6jm9_md5fg_ln49sbnrj8bh0000gn/T/rust_mozprofile.ewXb9Hov0OuW
1533135515497	geckodriver::marionette	INFO	Starting browser /Applications/Firefox.app/Contents/MacOS/firefox-bin with args []
1533135515505	geckodriver::marionette	INFO	Connecting to Marionette on localhost:65143
1533135516015	Marionette	INFO	Enabled via --marionette
2018-08-01 22:58:36.867 plugin-container[93177:9359768] *** CFMessagePort: bootstrap_register(): failed 1100 (0x44c) 'Permission denied', port = 0x14e03, name = 'com.apple.tsm.portname'
See /usr/include/servers/bootstrap_defs.h for the error codes.
1533135517134	Marionette	INFO	Listening on port 65143
1533135517210	Marionette	DEBUG	Register listener.js for window 2147483649
1533135517223	Marionette	DEBUG	Received DOM event "beforeunload" for "about:blank"
1533135517234	Marionette	DEBUG	Received DOM event "pagehide" for "about:blank"
1533135517234	Marionette	DEBUG	Received DOM event "unload" for "about:blank"
1533135517235	Marionette	DEBUG	Received observer notification "outer-window-destroyed" for "2147483649"
1533135517519	Marionette	DEBUG	Register listener.js for window 4294967297
1533135517558	Marionette	DEBUG	Check readyState "uninitialized for "about:blank"
1533135517584	Marionette	DEBUG	Received DOM event "DOMContentLoaded" for "file:///Users/doudou/Desktop/table.html"
1533135517626	Marionette	DEBUG	Received DOM event "pageshow" for "file:///Users/doudou/Desktop/table.html"
2018-08-01 22:58:37.666 plugin-container[93178:9359843] *** CFMessagePort: bootstrap_register(): failed 1100 (0x44c) 'Permission denied', port = 0x14f03, name = 'com.apple.tsm.portname'
See /usr/include/servers/bootstrap_defs.h for the error codes.
1533135517693	addons.xpi	WARN	Exception running bootstrap method shutdown on activity-stream@mozilla.org: [Exception... "Component returned failure code: 0x80070057 (NS_ERROR_ILLEGAL_VALUE) [nsIPrefBranch.removeObserver]"  nsresult: "0x80070057 (NS_ERROR_ILLEGAL_VALUE)"  location: "JS frame :: resource://activity-stream/lib/ActivityStreamPrefs.jsm :: ignoreBranch :: line 28"  data: no] Stack trace: ignoreBranch()@resource://activity-stream/lib/ActivityStreamPrefs.jsm:28 < uninit()@resource://activity-stream/lib/Store.jsm:153 < uninit()@resource://activity-stream/lib/ActivityStream.jsm:266 < uninit()@resource://gre/modules/addons/XPIProvider.jsm -> jar:file:///Applications/Firefox.app/Contents/Resources/browser/features/activity-stream@mozilla.org.xpi!/bootstrap.js:80 < shutdown()@resource://gre/modules/addons/XPIProvider.jsm -> jar:file:///Applications/Firefox.app/Contents/Resources/browser/features/activity-stream@mozilla.org.xpi!/bootstrap.js:196 < callBootstrapMethod()@resource://gre/modules/addons/XPIProvider.jsm:4509 < observe()@resource://gre/modules/addons/XPIProvider.jsm:2281 < GeckoDriver.prototype.quit()@driver.js:3307 < despatch()@server.js:553 < execute()@server.js:527 < onPacket/<()@server.js:502 < onPacket()@server.js:501 < _onJSONObjectReady/<()@transport.js:501
[GFX1-]: Receive IPC close with reason=AbnormalShutdown
1533135567905	geckodriver	INFO	Listening on 127.0.0.1:65195
1533135568959	mozprofile::profile	INFO	Using profile path /var/folders/b8/c6jm9_md5fg_ln49sbnrj8bh0000gn/T/rust_mozprofile.UZJ7HwirxifD
1533135568962	geckodriver::marionette	INFO	Starting browser /Applications/Firefox.app/Contents/MacOS/firefox-bin with args []
1533135568970	geckodriver::marionette	INFO	Connecting to Marionette on localhost:65206
1533135569465	Marionette	INFO	Enabled via --marionette
2018-08-01 22:59:30.259 plugin-container[93199:9360830] *** CFMessagePort: bootstrap_register(): failed 1100 (0x44c) 'Permission denied', port = 0xae3f, name = 'com.apple.tsm.portname'
See /usr/include/servers/bootstrap_defs.h for the error codes.
1533135570510	Marionette	INFO	Listening on port 65206
1533135570576	Marionette	DEBUG	Register listener.js for window 2147483649
1533135570602	Marionette	DEBUG	Received DOM event "beforeunload" for "about:blank"
1533135570613	Marionette	DEBUG	Received DOM event "pagehide" for "about:blank"
1533135570613	Marionette	DEBUG	Received DOM event "unload" for "about:blank"
1533135570614	Marionette	DEBUG	Received observer notification "outer-window-destroyed" for "2147483649"
1533135570897	Marionette	DEBUG	Register listener.js for window 4294967297
1533135570936	Marionette	DEBUG	Check readyState "uninitialized for "about:blank"
1533135570962	Marionette	DEBUG	Received DOM event "DOMContentLoaded" for "file:///Users/doudou/Desktop/table.html"
1533135571006	Marionette	DEBUG	Received DOM event "pageshow" for "file:///Users/doudou/Desktop/table.html"
2018-08-01 22:59:31.059 plugin-container[93200:9360909] *** CFMessagePort: bootstrap_register(): failed 1100 (0x44c) 'Permission denied', port = 0xb23f, name = 'com.apple.tsm.portname'
See /usr/include/servers/bootstrap_defs.h for the error codes.
1533135571084	addons.xpi	WARN	Exception running bootstrap method shutdown on activity-stream@mozilla.org: [Exception... "Component returned failure code: 0x80070057 (NS_ERROR_ILLEGAL_VALUE) [nsIPrefBranch.removeObserver]"  nsresult: "0x80070057 (NS_ERROR_ILLEGAL_VALUE)"  location: "JS frame :: resource://activity-stream/lib/ActivityStreamPrefs.jsm :: ignoreBranch :: line 28"  data: no] Stack trace: ignoreBranch()@resource://activity-stream/lib/ActivityStreamPrefs.jsm:28 < uninit()@resource://activity-stream/lib/Store.jsm:153 < uninit()@resource://activity-stream/lib/ActivityStream.jsm:266 < uninit()@resource://gre/modules/addons/XPIProvider.jsm -> jar:file:///Applications/Firefox.app/Contents/Resources/browser/features/activity-stream@mozilla.org.xpi!/bootstrap.js:80 < shutdown()@resource://gre/modules/addons/XPIProvider.jsm -> jar:file:///Applications/Firefox.app/Contents/Resources/browser/features/activity-stream@mozilla.org.xpi!/bootstrap.js:196 < callBootstrapMethod()@resource://gre/modules/addons/XPIProvider.jsm:4509 < observe()@resource://gre/modules/addons/XPIProvider.jsm:2281 < GeckoDriver.prototype.quit()@driver.js:3307 < despatch()@server.js:553 < execute()@server.js:527 < onPacket/<()@server.js:502 < onPacket()@server.js:501 < _onJSONObjectReady/<()@transport.js:501
